<?xml version="1.0" encoding="UTF-8"?>
<!-- Generated by org.testng.reporters.JUnitReportReporter -->
<testsuite hostname="LAPTOP-VK9MLLUT" failures="0" tests="3" name="com.maheshrestassured.DynamicJson" time="1.795" errors="0" timestamp="2021-12-05T21:14:43 IST" skipped="0">
  <testcase classname="com.maheshrestassured.DynamicJson" name="addBook" time="0.116"/>
  <system-out/>
  <testcase classname="com.maheshrestassured.DynamicJson" name="addBook" time="0.146"/>
  <system-out/>
  <testcase classname="com.maheshrestassured.DynamicJson" name="addBook" time="1.533"/>
  <system-out/>
</testsuite> <!-- com.maheshrestassured.DynamicJson -->
