<?xml version="1.0" encoding="UTF-8"?>
<!-- Generated by org.testng.reporters.JUnitReportReporter -->
<testsuite hostname="LAPTOP-VK9MLLUT" failures="0" tests="1" name="com.maheshrestassured.SumValidation" time="1.180" errors="0" timestamp="2021-12-05T18:40:32 IST" skipped="0">
  <testcase classname="com.maheshrestassured.SumValidation" name="sumOfCourses" time="1.180"/>
  <system-out/>
</testsuite> <!-- com.maheshrestassured.SumValidation -->
