<?xml version="1.0" encoding="UTF-8"?>
<!-- Generated by org.testng.reporters.JUnitReportReporter -->
<testsuite hostname="LAPTOP-VK9MLLUT" failures="0" tests="1" name="com.maheshrestassured.Basics1" time="3.537" errors="0" timestamp="2021-12-07T18:38:54 IST" skipped="0">
  <testcase classname="com.maheshrestassured.Basics1" name="POST_PUT_GET" time="3.537"/>
  <system-out/>
</testsuite> <!-- com.maheshrestassured.Basics1 -->
