<?xml version="1.0" encoding="UTF-8"?>
<!-- Generated by org.testng.reporters.JUnitReportReporter -->
<testsuite hostname="LAPTOP-VK9MLLUT" failures="0" tests="2" name="com.maheshrestassured.Basics" time="2.288" errors="0" timestamp="2021-12-07T16:20:21 IST" skipped="0">
  <testcase classname="com.maheshrestassured.Basics" name="GET" time="2.025"/>
  <system-out/>
  <testcase classname="com.maheshrestassured.Basics" name="POST" time="0.263"/>
  <system-out/>
</testsuite> <!-- com.maheshrestassured.Basics -->
