<?xml version="1.0" encoding="UTF-8"?>
<!-- Generated by org.testng.reporters.JUnitReportReporter -->
<testsuite hostname="LAPTOP-VK9MLLUT" failures="0" tests="1" name="com.maheshselenium.WebDriverDemo" time="10.172" errors="0" timestamp="2021-12-04T09:50:01 IST" skipped="0">
  <testcase classname="com.maheshselenium.WebDriverDemo" name="testDemo" time="10.172"/>
  <system-out/>
</testsuite> <!-- com.maheshselenium.WebDriverDemo -->
